<?xml version="1.0" encoding="UTF-8"?>
<!-- Generated by org.testng.reporters.JUnitReportReporter -->
<testsuite hostname="LAPTOP-CM51QT3D" failures="0" tests="2" name="AnnotationConf.NewTest" time="0.014" errors="0" timestamp="2024-04-08T12:28:17 IST" skipped="0">
  <testcase classname="AnnotationConf.NewTest" name="test2" time="0.006"/>
  <system-out/>
  <testcase classname="AnnotationConf.NewTest" name="test1" time="0.008"/>
  <system-out/>
</testsuite> <!-- AnnotationConf.NewTest -->
